#
# A fatal error has been detected by the Java Runtime Environment:
#
#  Internal Error (javaClasses.cpp:137), pid=10908, tid=6256
#  fatal error: Invalid layout of preloaded class
#
# JRE version:  (7.0_80-b15) (build )
# Java VM: Java HotSpot(TM) 64-Bit Server VM (24.80-b11 mixed mode windows-amd64 compressed oops)
# Failed to write core dump. Minidumps are not enabled by default on client versions of Windows
#
# If you would like to submit a bug report, please visit:
#   http://bugreport.java.com/bugreport/crash.jsp
#

---------------  T H R E A D  ---------------

Current thread (0x00000000024f0800):  JavaThread "Unknown thread" [_thread_in_vm, id=6256, stack(0x00000000023f0000,0x00000000024f0000)]

Stack: [0x00000000023f0000,0x00000000024f0000]

---------------  P R O C E S S  ---------------

Java Threads: ( => current thread )

Other Threads:

=>0x00000000024f0800 (exited) JavaThread "Unknown thread" [_thread_in_vm, id=6256, stack(0x00000000023f0000,0x00000000024f0000)]

VM state:not at safepoint (not fully initialized)

VM Mutex/Monitor currently owned by a thread: None

GC Heap History (0 events):
No events

Deoptimization events (0 events):
No events

Internal exceptions (0 events):
No events

Events (10 events):
Event: 0.027 loading class 0x0000000002535100 done
Event: 0.027 loading class 0x0000000002534b00 done
Event: 0.027 loading class 0x0000000002534ae0
Event: 0.028 loading class 0x000000000253cc90
Event: 0.028 loading class 0x000000000253cc90 done
Event: 0.028 loading class 0x000000000253ccc0
Event: 0.028 loading class 0x000000000253ccc0 done
Event: 0.028 loading class 0x000000000253ccf0
Event: 0.028 loading class 0x000000000253ccf0 done
Event: 0.028 loading class 0x0000000002534ae0 done


Dynamic libraries:
0x00007ff6fef50000 - 0x00007ff6fef83000 	D:\Program Files\Java\jdk1.7.0_80\bin\javaw.exe
0x00007ff977250000 - 0x00007ff977411000 	C:\WINDOWS\SYSTEM32\ntdll.dll
0x00007ff974840000 - 0x00007ff9748ed000 	C:\WINDOWS\system32\KERNEL32.DLL
0x00007ff9739c0000 - 0x00007ff973ba8000 	C:\WINDOWS\system32\KERNELBASE.dll
0x00007ff974650000 - 0x00007ff9746f7000 	C:\WINDOWS\system32\ADVAPI32.dll
0x00007ff974760000 - 0x00007ff9747fd000 	C:\WINDOWS\system32\msvcrt.dll
0x00007ff974700000 - 0x00007ff97475b000 	C:\WINDOWS\system32\sechost.dll
0x00007ff976de0000 - 0x00007ff976efc000 	C:\WINDOWS\system32\RPCRT4.dll
0x00007ff976a00000 - 0x00007ff976b56000 	C:\WINDOWS\system32\USER32.dll
0x00007ff976f00000 - 0x00007ff977086000 	C:\WINDOWS\system32\GDI32.dll
0x00007ff96bec0000 - 0x00007ff96c134000 	C:\WINDOWS\WinSxS\amd64_microsoft.windows.common-controls_6595b64144ccf1df_6.0.10586.0_none_8c15ae12515e1c22\COMCTL32.dll
0x00007ff974ee0000 - 0x00007ff97515d000 	C:\WINDOWS\system32\combase.dll
0x00007ff9743c0000 - 0x00007ff97442a000 	C:\WINDOWS\system32\bcryptPrimitives.dll
0x00007ff974800000 - 0x00007ff97483b000 	C:\WINDOWS\system32\IMM32.DLL
0x0000000073800000 - 0x00000000738d2000 	D:\Program Files\Java\jdk1.7.0_80\jre\bin\msvcr100.dll
0x0000000073e50000 - 0x0000000074629000 	D:\Program Files\Java\jdk1.7.0_80\jre\bin\server\jvm.dll
0x00007ff9770c0000 - 0x00007ff9770c8000 	C:\WINDOWS\system32\PSAPI.DLL
0x00007ff9716a0000 - 0x00007ff9716a9000 	C:\WINDOWS\SYSTEM32\WSOCK32.dll
0x00007ff971fa0000 - 0x00007ff971fc3000 	C:\WINDOWS\SYSTEM32\WINMM.dll
0x00007ff976c20000 - 0x00007ff976c8b000 	C:\WINDOWS\system32\WS2_32.dll
0x00007ff971f40000 - 0x00007ff971f6c000 	C:\WINDOWS\SYSTEM32\WINMMBASE.dll
0x00007ff974430000 - 0x00007ff974473000 	C:\WINDOWS\system32\cfgmgr32.dll
0x0000000073e40000 - 0x0000000073e4f000 	D:\Program Files\Java\jdk1.7.0_80\jre\bin\verify.dll
0x0000000073e10000 - 0x0000000073e38000 	D:\Program Files\Java\jdk1.7.0_80\jre\bin\java.dll
0x0000000073df0000 - 0x0000000073e06000 	D:\Program Files\Java\jdk1.7.0_80\jre\bin\zip.dll

VM Arguments:
jvm_args: -Dfile.encoding=GBK -Xbootclasspath:F:\Android\adt-bundle-windows-x86_64-20140702\adt-bundle-windows-x86_64-20140702\adt-bundle-windows-x86_64-20140702\sdk\platforms\android-23\android.jar 
java_command: com.example.testqiniutoken.Test
Launcher Type: SUN_STANDARD

Environment Variables:
JAVA_HOME=D:\Program Files\Java\jdk1.7.0_80
CLASSPATH=.;JAVA_HOME\lib\dt.jar;JAVA_HOME\lib\tools.jar;
PATH=D:/Program Files/Java/jdk1.7.0_80/bin/../jre/bin/server;D:/Program Files/Java/jdk1.7.0_80/bin/../jre/bin;D:/Program Files/Java/jdk1.7.0_80/bin/../jre/lib/amd64;F:\Android\adt-bundle-windows-x86_64-20140702\adt-bundle-windows-x86_64-20140702\adt-bundle-windows-x86_64-20140702\sdk\platform-tools;D:\Program Files\Java\jdk1.7.0_80\bin;JAVA_HOME\bin;JAVA_HOME\jre7\bin;C:\WINDOWS\system32;C:\WINDOWS;C:\WINDOWS\System32\Wbem;C:\WINDOWS\System32\WindowsPowerShell\v1.0\;C:\Program Files (x86)\ATI Technologies\ATI.ACE\Core-Static;D:\Program Files\MySQL\MySQL Server 5.5\bin;D:\Program Files (x86)\Rational\common;C:\Program Files (x86)\Windows Kits\8.1\Windows Performance Toolkit\;C:\Program Files\Microsoft SQL Server\110\Tools\Binn\;F:\Android\adt-bundle-windows-x86_64-20140702\adt-bundle-windows-x86_64-20140702\adt-bundle-windows-x86_64-20140702\eclipse;
USERNAME=zhao
OS=Windows_NT
PROCESSOR_IDENTIFIER=Intel64 Family 6 Model 58 Stepping 9, GenuineIntel



---------------  S Y S T E M  ---------------

OS: Windows 8.1 , 64 bit Build 9600 

CPU:total 4 (2 cores per cpu, 2 threads per core) family 6 model 58 stepping 9, cmov, cx8, fxsr, mmx, sse, sse2, sse3, ssse3, sse4.1, sse4.2, popcnt, avx, aes, erms, ht, tsc, tscinvbit, tscinv

Memory: 4k page, physical 8275224k(3236040k free), swap 9254040k(3059956k free)

vm_info: Java HotSpot(TM) 64-Bit Server VM (24.80-b11) for windows-amd64 JRE (1.7.0_80-b15), built on Apr 10 2015 11:26:34 by "java_re" with unknown MS VC++:1600

time: Wed Jan 13 18:17:34 2016
elapsed time: 0 seconds

